<?xml version="1.0" encoding="UTF-8"?>
<!-- Generated by org.testng.reporters.JUnitXMLReporter -->
<testsuite ignored="4" hostname="DESKTOP-JQKRQ4J" failures="0" tests="3" name="All Tests in Edge" time="1.836" errors="0" timestamp="2025-11-26T22:36:49 IST">
  <testcase classname="testCases.TC01_UIElementsValidation" name="loginToApplication" time="0.0">
    <skipped/>
  </testcase> <!-- loginToApplication -->
  <testcase classname="testCases.TC02_URLTitlePlaceHolder" name="verifyTest" time="0.001">
    <skipped/>
  </testcase> <!-- verifyTest -->
  <testcase classname="testCases.TC03_AboutLink" name="abtLink" time="0.001">
    <skipped/>
  </testcase> <!-- abtLink -->
  <testcase classname="testCases.BaseClassMethod" name="@BeforeTest launchApp" time="0.0">
    <ignored/>
  </testcase> <!-- @BeforeTest launchApp -->
  <testcase classname="testCases.BaseClassMethod" name="@AfterTest closeApp" time="0.0">
    <ignored/>
  </testcase> <!-- @AfterTest closeApp -->
  <testcase classname="testCases.BaseClassMethod" name="@AfterTest closeApp" time="0.0">
    <ignored/>
  </testcase> <!-- @AfterTest closeApp -->
  <testcase classname="testCases.BaseClassMethod" name="@BeforeTest launchApp" time="0.0">
    <ignored/>
  </testcase> <!-- @BeforeTest launchApp -->
</testsuite> <!-- All Tests in Edge -->
