<?xml version="1.0" encoding="UTF-8"?>
<!-- Generated by org.testng.reporters.JUnitXMLReporter -->
<testsuite ignored="0" hostname="DESKTOP-JQKRQ4J" failures="1" tests="12" name="All Tests in Chrome" time="43.808" errors="0" timestamp="2026-01-05T16:25:49 IST">
  <testcase classname="testCases.TC05_AutomateBug" name="bugFlow" time="0.511">
    <failure type="java.lang.AssertionError" message="Application Title does not contains Terms expected [true] but found [false]">
      <![CDATA[java.lang.AssertionError: Application Title does not contains Terms expected [true] but found [false]
at testCases.TC05_AutomateBug.bugFlow(TC05_AutomateBug.java:24)
at java.base/java.util.ArrayList.forEach(ArrayList.java:1511)
at java.base/java.util.concurrent.FutureTask.run(FutureTask.java:264)
at java.base/java.util.concurrent.ThreadPoolExecutor.runWorker(ThreadPoolExecutor.java:1136)
at java.base/java.util.concurrent.ThreadPoolExecutor$Worker.run(ThreadPoolExecutor.java:635)
at java.base/java.lang.Thread.run(Thread.java:840)
... Removed 20 stack frames]]>
    </failure>
  </testcase> <!-- bugFlow -->
  <testcase classname="testCases.TC01_UIElementsValidation" name="loginToApplication" time="10.207"/>
  <testcase classname="testCases.TC02_URLTitlePlaceHolder" name="verifyTest" time="0.388"/>
  <testcase classname="testCases.TC03_AboutLink" name="abtLink" time="1.143"/>
  <testcase classname="testCases.TC04_FactorialCheckwDataDriven" name="factorialCheck" time="2.062"/>
  <testcase classname="testCases.TC04_FactorialCheckwDataDriven" name="factorialCheck" time="1.846"/>
  <testcase classname="testCases.TC04_FactorialCheckwDataDriven" name="factorialCheck" time="1.623"/>
  <testcase classname="testCases.TC04_FactorialCheckwDataDriven" name="factorialCheck" time="1.662"/>
  <testcase classname="testCases.TC04_FactorialCheckwDataDriven" name="factorialCheck" time="1.605"/>
  <testcase classname="testCases.TC04_FactorialCheckwDataDriven" name="factorialCheck" time="1.92"/>
  <testcase classname="testCases.TC04_FactorialCheckwDataDriven" name="factorialCheck" time="1.76"/>
  <testcase classname="testCases.TC04_FactorialCheckwDataDriven" name="factorialCheck" time="1.603"/>
</testsuite> <!-- All Tests in Chrome -->
