<html>
<head>
<title>TestNG:  All Tests in Chrome</title>
<link href="../testng.css" rel="stylesheet" type="text/css" />
<link href="../my-testng.css" rel="stylesheet" type="text/css" />

<style type="text/css">
.log { display: none;} 
.stack-trace { display: none;} 
</style>
<script type="text/javascript">
<!--
function flip(e) {
  current = e.style.display;
  if (current == 'block') {
    e.style.display = 'none';
    return 0;
  }
  else {
    e.style.display = 'block';
    return 1;
  }
}

function toggleBox(szDivId, elem, msg1, msg2)
{
  var res = -1;  if (document.getElementById) {
    res = flip(document.getElementById(szDivId));
  }
  else if (document.all) {
    // this is the way old msie versions work
    res = flip(document.all[szDivId]);
  }
  if(elem) {
    if(res == 0) elem.innerHTML = msg1; else elem.innerHTML = msg2;
  }

}

function toggleAllBoxes() {
  if (document.getElementsByTagName) {
    d = document.getElementsByTagName('div');
    for (i = 0; i < d.length; i++) {
      if (d[i].className == 'log') {
        flip(d[i]);
      }
    }
  }
}

// -->
</script>

</head>
<body>
<h2 align='center'>All Tests in Chrome</h2><table border='1' align="center">
<tr>
<td>Tests passed/Failed/Skipped:</td><td>11/1/0</td>
</tr><tr>
<td>Started on:</td><td>Mon Jan 05 16:25:05 IST 2026</td>
</tr>
<tr><td>Total time:</td><td>43 seconds (43808 ms)</td>
</tr><tr>
<td>Included groups:</td><td></td>
</tr><tr>
<td>Excluded groups:</td><td></td>
</tr>
</table><p/>
<small><i>(Hover the method name to see the test class name)</i></small><p/>
<table width='100%' border='1' class='invocation-failed'>
<tr><td colspan='4' align='center'><b>FAILED TESTS</b></td></tr>
<tr><td><b>Test method</b></td>
<td><b>Attribute(s)</b></td>
<td width="30%"><b>Exception</b></td>
<td width="10%"><b>Time (seconds)</b></td>
<td><b>Instance</b></td>
</tr>
<tr>
<td title='testCases.TC05_AutomateBug.bugFlow()'><b>bugFlow</b><br>Test class: testCases.TC05_AutomateBug<br>Test method: Verify the scenario automated for a detected bug, Terms and Condition Page points to a Privacy content</td>
<td><div><pre>java.lang.AssertionError: Application Title does not contains Terms expected [true] but found [false]
	at testCases.TC05_AutomateBug.bugFlow(TC05_AutomateBug.java:24)
	at java.base/java.util.ArrayList.forEach(ArrayList.java:1511)
	at java.base/java.util.concurrent.FutureTask.run(FutureTask.java:264)
	at java.base/java.util.concurrent.ThreadPoolExecutor.runWorker(ThreadPoolExecutor.java:1136)
	at java.base/java.util.concurrent.ThreadPoolExecutor$Worker.run(ThreadPoolExecutor.java:635)
	at java.base/java.lang.Thread.run(Thread.java:840)
... Removed 20 stack frames</pre></div><a href='#' onClick='toggleBox("stack-trace2111385286", this, "Click to show all stack frames", "Click to hide stack frames")'>Click to show all stack frames</a>
<div class='stack-trace' id='stack-trace2111385286'><pre>java.lang.AssertionError: Application Title does not contains Terms expected [true] but found [false]
	at org.testng.Assert.fail(Assert.java:111)
	at org.testng.Assert.failNotEquals(Assert.java:1590)
	at org.testng.Assert.assertTrue(Assert.java:57)
	at testCases.TC05_AutomateBug.bugFlow(TC05_AutomateBug.java:24)
	at java.base/jdk.internal.reflect.NativeMethodAccessorImpl.invoke0(Native Method)
	at java.base/jdk.internal.reflect.NativeMethodAccessorImpl.invoke(NativeMethodAccessorImpl.java:77)
	at java.base/jdk.internal.reflect.DelegatingMethodAccessorImpl.invoke(DelegatingMethodAccessorImpl.java:43)
	at java.base/java.lang.reflect.Method.invoke(Method.java:568)
	at org.testng.internal.invokers.MethodInvocationHelper.invokeMethod(MethodInvocationHelper.java:141)
	at org.testng.internal.invokers.TestInvoker.invokeMethod(TestInvoker.java:687)
	at org.testng.internal.invokers.TestInvoker.invokeTestMethod(TestInvoker.java:230)
	at org.testng.internal.invokers.MethodRunner.runInSequence(MethodRunner.java:63)
	at org.testng.internal.invokers.TestInvoker$MethodInvocationAgent.invoke(TestInvoker.java:995)
	at org.testng.internal.invokers.TestInvoker.invokeTestMethods(TestInvoker.java:203)
	at org.testng.internal.invokers.TestMethodWorker.invokeTestMethods(TestMethodWorker.java:154)
	at org.testng.internal.invokers.TestMethodWorker.run(TestMethodWorker.java:134)
	at java.base/java.util.ArrayList.forEach(ArrayList.java:1511)
	at org.testng.TestRunner.privateRun(TestRunner.java:741)
	at org.testng.TestRunner.run(TestRunner.java:616)
	at org.testng.SuiteRunner.runTest(SuiteRunner.java:421)
	at org.testng.SuiteRunner$SuiteWorker.run(SuiteRunner.java:463)
	at org.testng.internal.thread.ThreadUtil.lambda$execute$0(ThreadUtil.java:64)
	at java.base/java.util.concurrent.FutureTask.run(FutureTask.java:264)
	at java.base/java.util.concurrent.ThreadPoolExecutor.runWorker(ThreadPoolExecutor.java:1136)
	at java.base/java.util.concurrent.ThreadPoolExecutor$Worker.run(ThreadPoolExecutor.java:635)
	at java.base/java.lang.Thread.run(Thread.java:840)
</pre></div></td>
<td>0</td>
<td>testCases.TC05_AutomateBug@57459491</td></tr>
</table><p>
<table width='100%' border='1' class='invocation-passed'>
<tr><td colspan='4' align='center'><b>PASSED TESTS</b></td></tr>
<tr><td><b>Test method</b></td>
<td><b>Attribute(s)</b></td>
<td width="30%"><b>Exception</b></td>
<td width="10%"><b>Time (seconds)</b></td>
<td><b>Instance</b></td>
</tr>
<tr>
<td title='testCases.TC03_AboutLink.abtLink()'><b>abtLink</b><br>Test class: testCases.TC03_AboutLink<br>Test method: Verify the total number of link is Greater than 5 and print the link name</td>
<td></td>
<td>1</td>
<td>testCases.TC03_AboutLink@3a3e4aff</td></tr>
<tr>
<td title='testCases.TC01_UIElementsValidation.loginToApplication()'><b>loginToApplication</b><br>Test class: testCases.TC01_UIElementsValidation<br>Test method: Validation All the necessary UI Elements are Present and Clickable</td>
<td></td>
<td>10</td>
<td>testCases.TC01_UIElementsValidation@39ad977d</td></tr>
<tr>
<td title='testCases.TC04_FactorialCheckwDataDriven.factorialCheck()'><b>factorialCheck</b><br>Test class: testCases.TC04_FactorialCheckwDataDriven<br>Test method: Verify the result for few input's through Data Driven Testing<br>Parameters: 50, The factorial of 50 is: 3.0414093201713376e+64, 3</td>
<td></td>
<td>1</td>
<td>testCases.TC04_FactorialCheckwDataDriven@5d2a4eed</td></tr>
<tr>
<td title='testCases.TC04_FactorialCheckwDataDriven.factorialCheck()'><b>factorialCheck</b><br>Test class: testCases.TC04_FactorialCheckwDataDriven<br>Test method: Verify the result for few input's through Data Driven Testing<br>Parameters: 170, The factorial of 170 is: 7.257415615307999e+306, 7</td>
<td></td>
<td>1</td>
<td>testCases.TC04_FactorialCheckwDataDriven@5d2a4eed</td></tr>
<tr>
<td title='testCases.TC04_FactorialCheckwDataDriven.factorialCheck()'><b>factorialCheck</b><br>Test class: testCases.TC04_FactorialCheckwDataDriven<br>Test method: Verify the result for few input's through Data Driven Testing<br>Parameters: 100, The factorial of 100 is: 9.332621544394415e+157, 4</td>
<td></td>
<td>1</td>
<td>testCases.TC04_FactorialCheckwDataDriven@5d2a4eed</td></tr>
<tr>
<td title='testCases.TC04_FactorialCheckwDataDriven.factorialCheck()'><b>factorialCheck</b><br>Test class: testCases.TC04_FactorialCheckwDataDriven<br>Test method: Verify the result for few input's through Data Driven Testing<br>Parameters: 0, The factorial of 0 is: 1, 1</td>
<td></td>
<td>2</td>
<td>testCases.TC04_FactorialCheckwDataDriven@5d2a4eed</td></tr>
<tr>
<td title='testCases.TC04_FactorialCheckwDataDriven.factorialCheck()'><b>factorialCheck</b><br>Test class: testCases.TC04_FactorialCheckwDataDriven<br>Test method: Verify the result for few input's through Data Driven Testing<br>Parameters: 1, The factorial of 1 is: 1, 2</td>
<td></td>
<td>1</td>
<td>testCases.TC04_FactorialCheckwDataDriven@5d2a4eed</td></tr>
<tr>
<td title='testCases.TC04_FactorialCheckwDataDriven.factorialCheck()'><b>factorialCheck</b><br>Test class: testCases.TC04_FactorialCheckwDataDriven<br>Test method: Verify the result for few input's through Data Driven Testing<br>Parameters: 125, The factorial of 125 is: 1.882677176888926e+209, 5</td>
<td></td>
<td>1</td>
<td>testCases.TC04_FactorialCheckwDataDriven@5d2a4eed</td></tr>
<tr>
<td title='testCases.TC04_FactorialCheckwDataDriven.factorialCheck()'><b>factorialCheck</b><br>Test class: testCases.TC04_FactorialCheckwDataDriven<br>Test method: Verify the result for few input's through Data Driven Testing<br>Parameters: 171, The factorial of 171 is: Infinity, 8</td>
<td></td>
<td>1</td>
<td>testCases.TC04_FactorialCheckwDataDriven@5d2a4eed</td></tr>
<tr>
<td title='testCases.TC04_FactorialCheckwDataDriven.factorialCheck()'><b>factorialCheck</b><br>Test class: testCases.TC04_FactorialCheckwDataDriven<br>Test method: Verify the result for few input's through Data Driven Testing<br>Parameters: 150, The factorial of 150 is: 5.713383956445855e+262, 6</td>
<td></td>
<td>1</td>
<td>testCases.TC04_FactorialCheckwDataDriven@5d2a4eed</td></tr>
<tr>
<td title='testCases.TC02_URLTitlePlaceHolder.verifyTest()'><b>verifyTest</b><br>Test class: testCases.TC02_URLTitlePlaceHolder<br>Test method: Verify the Placeholder value, Page Title, URL value in Factorial Page</td>
<td></td>
<td>0</td>
<td>testCases.TC02_URLTitlePlaceHolder@13cf7d52</td></tr>
</table><p>
</body>
</html>