<?xml version="1.0" encoding="UTF-8"?>
<!-- Generated by org.testng.reporters.JUnitXMLReporter -->
<testsuite ignored="6" hostname="DESKTOP-JQKRQ4J" failures="0" tests="11" name="All Tests" time="40.743" errors="0" timestamp="2025-11-26T21:00:13 IST">
  <testcase classname="testCases.TC01_UIElementsValidation" name="loginToApplication" time="10.094"/>
  <testcase classname="testCases.TC02_URLTitlePlaceHolder" name="verifyTest" time="0.044"/>
  <testcase classname="testCases.TC03_AboutLink" name="abtLink" time="1.26"/>
  <testcase classname="testCases.TC04_FactorialCheckWDataDriven" name="factorialCheck" time="2.264"/>
  <testcase classname="testCases.TC04_FactorialCheckWDataDriven" name="factorialCheck" time="2.166"/>
  <testcase classname="testCases.TC04_FactorialCheckWDataDriven" name="factorialCheck" time="2.115"/>
  <testcase classname="testCases.TC04_FactorialCheckWDataDriven" name="factorialCheck" time="2.19"/>
  <testcase classname="testCases.TC04_FactorialCheckWDataDriven" name="factorialCheck" time="2.11"/>
  <testcase classname="testCases.TC04_FactorialCheckWDataDriven" name="factorialCheck" time="2.152"/>
  <testcase classname="testCases.TC04_FactorialCheckWDataDriven" name="factorialCheck" time="2.583"/>
  <testcase classname="testCases.TC04_FactorialCheckWDataDriven" name="factorialCheck" time="2.051"/>
  <testcase classname="testCases.BaseClassMethod" name="@AfterTest closeApp" time="0.0">
    <ignored/>
  </testcase> <!-- @AfterTest closeApp -->
  <testcase classname="testCases.BaseClassMethod" name="@BeforeTest launchApp" time="0.0">
    <ignored/>
  </testcase> <!-- @BeforeTest launchApp -->
  <testcase classname="testCases.BaseClassMethod" name="@BeforeTest launchApp" time="0.0">
    <ignored/>
  </testcase> <!-- @BeforeTest launchApp -->
  <testcase classname="testCases.BaseClassMethod" name="@AfterTest closeApp" time="0.0">
    <ignored/>
  </testcase> <!-- @AfterTest closeApp -->
  <testcase classname="testCases.BaseClassMethod" name="@AfterTest closeApp" time="0.0">
    <ignored/>
  </testcase> <!-- @AfterTest closeApp -->
  <testcase classname="testCases.BaseClassMethod" name="@BeforeTest launchApp" time="0.0">
    <ignored/>
  </testcase> <!-- @BeforeTest launchApp -->
</testsuite> <!-- All Tests -->
