<?xml version="1.0" encoding="UTF-8"?>
<!-- Generated by org.testng.reporters.JUnitReportReporter -->
<testsuite hostname="DESKTOP-JQKRQ4J" failures="0" tests="8" name="testCases.TC04_FactorialCheckwDataDriven" time="14.081" errors="0" timestamp="2026-01-05T16:25:50 IST" skipped="0">
  <testcase classname="testCases.TC04_FactorialCheckwDataDriven" name="factorialCheck" time="1.623"/>
  <testcase classname="testCases.TC04_FactorialCheckwDataDriven" name="factorialCheck" time="1.760"/>
  <testcase classname="testCases.TC04_FactorialCheckwDataDriven" name="factorialCheck" time="1.662"/>
  <testcase classname="testCases.TC04_FactorialCheckwDataDriven" name="factorialCheck" time="2.062"/>
  <testcase classname="testCases.TC04_FactorialCheckwDataDriven" name="factorialCheck" time="1.846"/>
  <testcase classname="testCases.TC04_FactorialCheckwDataDriven" name="factorialCheck" time="1.605"/>
  <testcase classname="testCases.TC04_FactorialCheckwDataDriven" name="factorialCheck" time="1.603"/>
  <testcase classname="testCases.TC04_FactorialCheckwDataDriven" name="factorialCheck" time="1.920"/>
</testsuite> <!-- testCases.TC04_FactorialCheckwDataDriven -->
