<?xml version="1.0" encoding="UTF-8"?>
<!-- Generated by org.testng.reporters.JUnitReportReporter -->
<testsuite hostname="DESKTOP-JQKRQ4J" failures="0" tests="8" name="testCases.TC04_Copy" time="14.070" errors="0" timestamp="2025-12-09T11:36:57 IST" skipped="0">
  <testcase classname="testCases.TC04_Copy" name="factorialCheck" time="1.543"/>
  <testcase classname="testCases.TC04_Copy" name="factorialCheck" time="2.624"/>
  <testcase classname="testCases.TC04_Copy" name="factorialCheck" time="1.536"/>
  <testcase classname="testCases.TC04_Copy" name="factorialCheck" time="1.903"/>
  <testcase classname="testCases.TC04_Copy" name="factorialCheck" time="1.606"/>
  <testcase classname="testCases.TC04_Copy" name="factorialCheck" time="1.598"/>
  <testcase classname="testCases.TC04_Copy" name="factorialCheck" time="1.471"/>
  <testcase classname="testCases.TC04_Copy" name="factorialCheck" time="1.789"/>
</testsuite> <!-- testCases.TC04_Copy -->
