<?xml version="1.0" encoding="UTF-8"?>
<!-- Generated by org.testng.reporters.JUnitReportReporter -->
<testsuite hostname="DESKTOP-JQKRQ4J" failures="0" tests="8" name="testCases.TC04_FactorialCheck" time="13.185" errors="0" timestamp="2025-12-08T19:52:29 IST" skipped="0">
  <testcase classname="testCases.TC04_FactorialCheck" name="factorialCheck" time="1.644"/>
  <testcase classname="testCases.TC04_FactorialCheck" name="factorialCheck" time="1.515"/>
  <testcase classname="testCases.TC04_FactorialCheck" name="factorialCheck" time="2.437"/>
  <testcase classname="testCases.TC04_FactorialCheck" name="factorialCheck" time="1.431"/>
  <testcase classname="testCases.TC04_FactorialCheck" name="factorialCheck" time="1.584"/>
  <testcase classname="testCases.TC04_FactorialCheck" name="factorialCheck" time="1.704"/>
  <testcase classname="testCases.TC04_FactorialCheck" name="factorialCheck" time="1.448"/>
  <testcase classname="testCases.TC04_FactorialCheck" name="factorialCheck" time="1.422"/>
</testsuite> <!-- testCases.TC04_FactorialCheck -->
