<?xml version="1.0" encoding="UTF-8"?>
<!-- Generated by org.testng.reporters.JUnitXMLReporter -->
<testsuite ignored="0" hostname="DESKTOP-JQKRQ4J" failures="0" tests="8" name="All Tests" time="18.043" errors="0" timestamp="2025-11-28T23:04:14 IST">
  <testcase classname="testCases.TC04_FactorialCheckWDataDriven" name="factorialCheck" time="1.685"/>
  <testcase classname="testCases.TC04_FactorialCheckWDataDriven" name="factorialCheck" time="1.381"/>
  <testcase classname="testCases.TC04_FactorialCheckWDataDriven" name="factorialCheck" time="1.336"/>
  <testcase classname="testCases.TC04_FactorialCheckWDataDriven" name="factorialCheck" time="1.361"/>
  <testcase classname="testCases.TC04_FactorialCheckWDataDriven" name="factorialCheck" time="1.375"/>
  <testcase classname="testCases.TC04_FactorialCheckWDataDriven" name="factorialCheck" time="1.351"/>
  <testcase classname="testCases.TC04_FactorialCheckWDataDriven" name="factorialCheck" time="1.504"/>
  <testcase classname="testCases.TC04_FactorialCheckWDataDriven" name="factorialCheck" time="1.383"/>
</testsuite> <!-- All Tests -->
